<?xml version="1.0" encoding="UTF-8"?>
<!-- Generated by org.testng.reporters.JUnitReportReporter -->
<testsuite hostname="DESKTOP-D8HO8ML" failures="0" tests="3" name="com.mycompany.test.DemoTest" time="0.008" errors="0" timestamp="2022-04-20T12:19:20 IST" skipped="0">
  <testcase classname="com.mycompany.test.DemoTest" name="invalidTest" time="0.006"/>
  <system-out/>
  <testcase classname="com.mycompany.test.DemoTest" name="invalidTest" time="0.001"/>
  <system-out/>
  <testcase classname="com.mycompany.test.DemoTest" name="invalidTest" time="0.001"/>
  <system-out/>
</testsuite> <!-- com.mycompany.test.DemoTest -->
