<?xml version="1.0" encoding="UTF-8"?>
<!-- Generated by org.testng.reporters.JUnitReportReporter -->
<testsuite hostname="DESKTOP-D8HO8ML" failures="0" tests="2" name="com.mycompany.test.LoginTest" time="23.603" errors="0" timestamp="2022-04-20T13:14:54 IST" skipped="0">
  <testcase classname="com.mycompany.test.LoginTest" name="invalidCredentialsTest" time="14.774"/>
  <system-out/>
  <testcase classname="com.mycompany.test.LoginTest" name="invalidCredentialsTest" time="8.829"/>
  <system-out/>
</testsuite> <!-- com.mycompany.test.LoginTest -->
