<?xml version="1.0" encoding="UTF-8"?>
<!-- Generated by org.testng.reporters.JUnitReportReporter -->
<testsuite hostname="DESKTOP-D8HO8ML" failures="0" tests="1" name="com.mycompany.test.LoginUserInterfaceTest" time="13.406" errors="0" timestamp="2022-04-20T12:01:23 IST" skipped="0">
  <testcase classname="com.mycompany.test.LoginUserInterfaceTest" name="validateTitleTest" time="13.406"/>
  <system-out/>
</testsuite> <!-- com.mycompany.test.LoginUserInterfaceTest -->
